[13-Jun-2018 17:59:34 UTC] PHP Fatal error:  Uncaught Error: Class 'WP_CLI\SynopsisValidator' not found in phar:///usr/local/bin/wp/php/WP_CLI/Dispatcher/Subcommand.php:254
Stack trace:
#0 phar:///usr/local/bin/wp/php/WP_CLI/Dispatcher/Subcommand.php(386): WP_CLI\Dispatcher\Subcommand->validate_args(Array, Array, Array)
#1 phar:///usr/local/bin/wp/php/WP_CLI/Runner.php(323): WP_CLI\Dispatcher\Subcommand->invoke(Array, Array, Array)
#2 phar:///usr/local/bin/wp/php/WP_CLI/Runner.php(330): WP_CLI\Runner->run_command(Array, Array)
#3 phar:///usr/local/bin/wp/php/WP_CLI/Runner.php(985): WP_CLI\Runner->_run_command()
#4 phar:///usr/local/bin/wp/php/WP_CLI/Bootstrap/LaunchRunner.php(23): WP_CLI\Runner->start()
#5 phar:///usr/local/bin/wp/php/bootstrap.php(75): WP_CLI\Bootstrap\LaunchRunner->process(Object(WP_CLI\Bootstrap\BootstrapState))
#6 phar:///usr/local/bin/wp/php/wp-cli.php(23): WP_CLI\bootstrap()
#7 phar:///usr/local/bin/wp/php/boot-phar.php(8): include('phar:///usr/loc...')
#8 /usr/local/bin/wp(4): include('phar:///usr/loc...')
#9 {main}
  thrown in phar:///usr/local/bin/wp/php/WP_CLI/Dispatcher/Subcommand.php on line 254
[13-Jun-2018 17:59:34 UTC] PHP Fatal error:  Uncaught Error: Class 'WP_CLI\SynopsisValidator' not found in phar:///usr/local/bin/wp/php/WP_CLI/Dispatcher/Subcommand.php:254
Stack trace:
#0 phar:///usr/local/bin/wp/php/WP_CLI/Dispatcher/Subcommand.php(386): WP_CLI\Dispatcher\Subcommand->validate_args(Array, Array, Array)
#1 phar:///usr/local/bin/wp/php/WP_CLI/Runner.php(323): WP_CLI\Dispatcher\Subcommand->invoke(Array, Array, Array)
#2 phar:///usr/local/bin/wp/php/WP_CLI/Runner.php(330): WP_CLI\Runner->run_command(Array, Array)
#3 phar:///usr/local/bin/wp/php/WP_CLI/Runner.php(985): WP_CLI\Runner->_run_command()
#4 phar:///usr/local/bin/wp/php/WP_CLI/Bootstrap/LaunchRunner.php(23): WP_CLI\Runner->start()
#5 phar:///usr/local/bin/wp/php/bootstrap.php(75): WP_CLI\Bootstrap\LaunchRunner->process(Object(WP_CLI\Bootstrap\BootstrapState))
#6 phar:///usr/local/bin/wp/php/wp-cli.php(23): WP_CLI\bootstrap()
#7 phar:///usr/local/bin/wp/php/boot-phar.php(8): include('phar:///usr/loc...')
#8 /usr/local/bin/wp(4): include('phar:///usr/loc...')
#9 {main}
  thrown in phar:///usr/local/bin/wp/php/WP_CLI/Dispatcher/Subcommand.php on line 254
[14-Jun-2018 04:07:12 UTC] PHP Warning:  date() expects at least 1 parameter, 0 given in /app/public/experiment.php on line 1
[14-Jun-2018 04:10:58 UTC] PHP Notice:  Use of undefined constant Ja - assumed 'Ja' in /app/public/experiment.php on line 3
[14-Jun-2018 04:11:39 UTC] PHP Notice:  Use of undefined constant myName - assumed 'myName' in /app/public/experiment.php on line 7
[14-Jun-2018 05:36:16 UTC] PHP Parse error:  syntax error, unexpected '++' (T_INC) in /app/public/wp-content/themes/monsterUniversity/index.php on line 13
[14-Jun-2018 05:36:28 UTC] PHP Parse error:  syntax error, unexpected '+=' (T_PLUS_EQUAL) in /app/public/wp-content/themes/monsterUniversity/index.php on line 13
[14-Jun-2018 05:48:38 UTC] PHP Fatal error:  Uncaught Error: Call to undefined function the_description() in /app/public/wp-content/themes/monsterUniversity/index.php:7
Stack trace:
#0 /app/public/wp-includes/template-loader.php(74): include()
#1 /app/public/wp-blog-header.php(19): require_once('/app/public/wp-...')
#2 /app/public/index.php(17): require('/app/public/wp-...')
#3 {main}
  thrown in /app/public/wp-content/themes/monsterUniversity/index.php on line 7
[14-Jun-2018 07:01:46 UTC] PHP Parse error:  syntax error, unexpected ',' in /app/public/wp-content/themes/monsterUniversity/functions.php on line 5
[15-Jun-2018 07:25:36 UTC] PHP Parse error:  syntax error, unexpected '/' in /app/public/wp-content/themes/monsterUniversity/header.php on line 19
[15-Jun-2018 07:38:32 UTC] PHP Fatal error:  Uncaught Error: Call to undefined function get_post_parent_id() in /app/public/wp-content/themes/monsterUniversity/page.php:21
Stack trace:
#0 /app/public/wp-includes/template-loader.php(74): include()
#1 /app/public/wp-blog-header.php(19): require_once('/app/public/wp-...')
#2 /app/public/index.php(17): require('/app/public/wp-...')
#3 {main}
  thrown in /app/public/wp-content/themes/monsterUniversity/page.php on line 21
[15-Jun-2018 07:38:44 UTC] PHP Fatal error:  Uncaught Error: Call to undefined function get_post_parent_ID() in /app/public/wp-content/themes/monsterUniversity/page.php:21
Stack trace:
#0 /app/public/wp-includes/template-loader.php(74): include()
#1 /app/public/wp-blog-header.php(19): require_once('/app/public/wp-...')
#2 /app/public/index.php(17): require('/app/public/wp-...')
#3 {main}
  thrown in /app/public/wp-content/themes/monsterUniversity/page.php on line 21
[15-Jun-2018 07:38:46 UTC] PHP Fatal error:  Uncaught Error: Call to undefined function get_post_parent_ID() in /app/public/wp-content/themes/monsterUniversity/page.php:21
Stack trace:
#0 /app/public/wp-includes/template-loader.php(74): include()
#1 /app/public/wp-blog-header.php(19): require_once('/app/public/wp-...')
#2 /app/public/index.php(17): require('/app/public/wp-...')
#3 {main}
  thrown in /app/public/wp-content/themes/monsterUniversity/page.php on line 21
[15-Jun-2018 08:00:42 UTC] PHP Parse error:  syntax error, unexpected 'echo' (T_ECHO) in /app/public/wp-content/themes/monsterUniversity/page.php on line 37
[15-Jun-2018 08:18:14 UTC] PHP Fatal error:  Uncaught Error: Call to undefined function blog_info() in /app/public/wp-content/themes/monsterUniversity/header.php:4
Stack trace:
#0 /app/public/wp-includes/template.php(688): require_once()
#1 /app/public/wp-includes/template.php(647): load_template('/app/public/wp-...', true)
#2 /app/public/wp-includes/general-template.php(41): locate_template(Array, true)
#3 /app/public/wp-content/themes/monsterUniversity/index.php(2): get_header()
#4 /app/public/wp-includes/template-loader.php(74): include('/app/public/wp-...')
#5 /app/public/wp-blog-header.php(19): require_once('/app/public/wp-...')
#6 /app/public/index.php(17): require('/app/public/wp-...')
#7 {main}
  thrown in /app/public/wp-content/themes/monsterUniversity/header.php on line 4
[18-Jun-2018 06:42:04 UTC] PHP Parse error:  syntax error, unexpected '<', expecting end of file in /app/public/wp-content/themes/monsterUniversity/index.php on line 22
[18-Jun-2018 06:42:22 UTC] PHP Parse error:  syntax error, unexpected end of file in /app/public/wp-content/themes/monsterUniversity/index.php on line 24
[18-Jun-2018 06:44:17 UTC] PHP Parse error:  syntax error, unexpected end of file in /app/public/wp-content/themes/monsterUniversity/index.php on line 27
[18-Jun-2018 06:50:01 UTC] PHP Fatal error:  Uncaught Error: Call to undefined function the_author_post_link() in /app/public/wp-content/themes/monsterUniversity/index.php:23
Stack trace:
#0 /app/public/wp-includes/template-loader.php(74): include()
#1 /app/public/wp-blog-header.php(19): require_once('/app/public/wp-...')
#2 /app/public/index.php(17): require('/app/public/wp-...')
#3 {main}
  thrown in /app/public/wp-content/themes/monsterUniversity/index.php on line 23
[18-Jun-2018 07:49:10 UTC] PHP Parse error:  syntax error, unexpected '}', expecting end of file in /app/public/wp-content/themes/monsterUniversity/single.php on line 42
[18-Jun-2018 07:51:14 UTC] PHP Parse error:  syntax error, unexpected end of file in /app/public/wp-content/themes/monsterUniversity/single.php on line 36
[18-Jun-2018 07:56:20 UTC] PHP Parse error:  syntax error, unexpected 'by' (T_STRING) in /app/public/wp-content/themes/monsterUniversity/single.php on line 21
[19-Jun-2018 07:12:52 UTC] PHP Parse error:  syntax error, unexpected 'name' (T_STRING), expecting ',' or ';' in /app/public/wp-content/themes/monsterUniversity/archive.php on line 9
[19-Jun-2018 07:13:18 UTC] PHP Parse error:  syntax error, unexpected '}', expecting ',' or ';' in /app/public/wp-content/themes/monsterUniversity/archive.php on line 9
[19-Jun-2018 07:13:48 UTC] PHP Parse error:  syntax error, unexpected '}', expecting ',' or ';' in /app/public/wp-content/themes/monsterUniversity/archive.php on line 9
[19-Jun-2018 07:16:15 UTC] PHP Parse error:  syntax error, unexpected 'the_author' (T_STRING), expecting ',' or ';' in /app/public/wp-content/themes/monsterUniversity/archive.php on line 11
[19-Jun-2018 07:53:58 UTC] PHP Parse error:  syntax error, unexpected ';', expecting ',' or ')' in /app/public/wp-content/themes/monsterUniversity/front-page.php on line 63
[19-Jun-2018 07:54:23 UTC] PHP Parse error:  syntax error, unexpected 'href' (T_STRING), expecting ',' or ';' in /app/public/wp-content/themes/monsterUniversity/front-page.php on line 63
[20-Jun-2018 08:59:14 UTC] PHP Fatal error:  Uncaught Error: Call to undefined function get_header() in /app/public/wp-content/themes/monsterUniversity/index.php:2
Stack trace:
#0 {main}
  thrown in /app/public/wp-content/themes/monsterUniversity/index.php on line 2
[20-Jun-2018 08:59:14 UTC] PHP Fatal error:  Uncaught Error: Call to undefined function get_header() in /app/public/wp-content/themes/monsterUniversity/index.php:2
Stack trace:
#0 {main}
  thrown in /app/public/wp-content/themes/monsterUniversity/index.php on line 2
[20-Jun-2018 08:59:15 UTC] PHP Fatal error:  Uncaught Error: Call to undefined function get_header() in /app/public/wp-content/themes/monsterUniversity/index.php:2
Stack trace:
#0 {main}
  thrown in /app/public/wp-content/themes/monsterUniversity/index.php on line 2
[20-Jun-2018 08:59:19 UTC] PHP Fatal error:  Uncaught Error: Call to undefined function get_header() in /app/public/wp-content/themes/monsterUniversity/index.php:2
Stack trace:
#0 {main}
  thrown in /app/public/wp-content/themes/monsterUniversity/index.php on line 2
[20-Jun-2018 08:59:41 UTC] PHP Fatal error:  Uncaught Error: Call to undefined function get_header() in /app/public/wp-content/themes/monsterUniversity/index.php:2
Stack trace:
#0 {main}
  thrown in /app/public/wp-content/themes/monsterUniversity/index.php on line 2
[20-Jun-2018 08:59:42 UTC] PHP Fatal error:  Uncaught Error: Call to undefined function get_header() in /app/public/wp-content/themes/monsterUniversity/index.php:2
Stack trace:
#0 {main}
  thrown in /app/public/wp-content/themes/monsterUniversity/index.php on line 2
[20-Jun-2018 08:59:42 UTC] PHP Fatal error:  Uncaught Error: Call to undefined function get_header() in /app/public/wp-content/themes/monsterUniversity/index.php:2
Stack trace:
#0 {main}
  thrown in /app/public/wp-content/themes/monsterUniversity/index.php on line 2
[20-Jun-2018 08:59:49 UTC] PHP Fatal error:  Uncaught Error: Call to undefined function get_header() in /app/public/wp-content/themes/monsterUniversity/index.php:2
Stack trace:
#0 {main}
  thrown in /app/public/wp-content/themes/monsterUniversity/index.php on line 2
[20-Jun-2018 08:59:50 UTC] PHP Fatal error:  Uncaught Error: Call to undefined function get_header() in /app/public/wp-content/themes/monsterUniversity/index.php:2
Stack trace:
#0 {main}
  thrown in /app/public/wp-content/themes/monsterUniversity/index.php on line 2
[20-Jun-2018 08:59:50 UTC] PHP Fatal error:  Uncaught Error: Call to undefined function get_header() in /app/public/wp-content/themes/monsterUniversity/index.php:2
Stack trace:
#0 {main}
  thrown in /app/public/wp-content/themes/monsterUniversity/index.php on line 2
[20-Jun-2018 08:59:53 UTC] PHP Fatal error:  Uncaught Error: Call to undefined function get_header() in /app/public/wp-content/themes/monsterUniversity/index.php:2
Stack trace:
#0 {main}
  thrown in /app/public/wp-content/themes/monsterUniversity/index.php on line 2
[20-Jun-2018 08:59:59 UTC] PHP Fatal error:  Uncaught Error: Call to undefined function get_header() in /app/public/wp-content/themes/monsterUniversity/index.php:2
Stack trace:
#0 {main}
  thrown in /app/public/wp-content/themes/monsterUniversity/index.php on line 2
[21-Jun-2018 10:08:43 UTC] PHP Parse error:  syntax error, unexpected 'ister_post_type' (T_STRING) in /app/public/wp-content/themes/monsterUniversity/functions.php on line 34
[21-Jun-2018 10:09:26 UTC] PHP Parse error:  syntax error, unexpected 'ister_post_type' (T_STRING) in /app/public/wp-content/themes/monsterUniversity/functions.php on line 34
[21-Jun-2018 10:09:41 UTC] PHP Parse error:  syntax error, unexpected 'ister_post_type' (T_STRING) in /app/public/wp-content/themes/monsterUniversity/functions.php on line 34
[21-Jun-2018 10:09:43 UTC] PHP Parse error:  syntax error, unexpected 'ister_post_type' (T_STRING) in /app/public/wp-content/themes/monsterUniversity/functions.php on line 34
[21-Jun-2018 10:09:48 UTC] PHP Parse error:  syntax error, unexpected 'ister_post_type' (T_STRING) in /app/public/wp-content/themes/monsterUniversity/functions.php on line 34
[21-Jun-2018 10:18:59 UTC] PHP Parse error:  syntax error, unexpected '}', expecting end of file in /app/public/wp-content/themes/monsterUniversity/archive-event.php on line 36
[21-Jun-2018 10:19:42 UTC] PHP Parse error:  syntax error, unexpected '}', expecting end of file in /app/public/wp-content/themes/monsterUniversity/archive-event.php on line 38
[21-Jun-2018 10:25:26 UTC] PHP Parse error:  syntax error, unexpected '}' in /app/public/wp-content/themes/monsterUniversity/front-page.php on line 39
[21-Jun-2018 10:31:29 UTC] PHP Fatal error:  Uncaught Error: Call to undefined function get_post_type_achive_link() in /app/public/wp-content/themes/monsterUniversity/front-page.php:47
Stack trace:
#0 /app/public/wp-includes/template-loader.php(74): include()
#1 /app/public/wp-blog-header.php(19): require_once('/app/public/wp-...')
#2 /app/public/index.php(17): require('/app/public/wp-...')
#3 {main}
  thrown in /app/public/wp-content/themes/monsterUniversity/front-page.php on line 47
[21-Jun-2018 10:31:50 UTC] PHP Fatal error:  Uncaught Error: Call to undefined function get_post_type_achive_link() in /app/public/wp-content/themes/monsterUniversity/front-page.php:47
Stack trace:
#0 /app/public/wp-includes/template-loader.php(74): include()
#1 /app/public/wp-blog-header.php(19): require_once('/app/public/wp-...')
#2 /app/public/index.php(17): require('/app/public/wp-...')
#3 {main}
  thrown in /app/public/wp-content/themes/monsterUniversity/front-page.php on line 47
[26-Jun-2018 13:04:25 UTC] PHP Parse error:  syntax error, unexpected end of file in /app/public/wp-content/themes/monsterUniversity/functions.php on line 58
[26-Jun-2018 13:11:54 UTC] PHP Parse error:  syntax error, unexpected ';', expecting ')' in /app/public/wp-content/themes/monsterUniversity/functions.php on line 55
[26-Jun-2018 13:12:30 UTC] PHP Parse error:  syntax error, unexpected ';', expecting ')' in /app/public/wp-content/themes/monsterUniversity/functions.php on line 55
[26-Jun-2018 13:26:53 UTC] PHP Parse error:  syntax error, unexpected ';', expecting ')' in /app/public/wp-content/themes/monsterUniversity/page-past-events.php on line 22
[27-Jun-2018 04:21:18 UTC] PHP Fatal error:  Cannot redeclare university_post_types() (previously declared in /app/public/wp-content/themes/monsterUniversity/functions.php:35) in /app/public/wp-content/themes/monsterUniversity/functions.php on line 67
[27-Jun-2018 04:28:12 UTC] PHP Parse error:  syntax error, unexpected 'post_type_archive_link' (T_STRING), expecting ',' or ';' in /app/public/wp-content/themes/monsterUniversity/single-program.php on line 21
[27-Jun-2018 04:47:05 UTC] PHP Fatal error:  Uncaught Error: Call to a member function post_title() on array in /app/public/wp-content/themes/monsterUniversity/single-event.php:31
Stack trace:
#0 /app/public/wp-includes/template-loader.php(74): include()
#1 /app/public/wp-blog-header.php(19): require_once('/app/public/wp-...')
#2 /app/public/index.php(17): require('/app/public/wp-...')
#3 {main}
  thrown in /app/public/wp-content/themes/monsterUniversity/single-event.php on line 31
[27-Jun-2018 04:52:28 UTC] PHP Warning:  Invalid argument supplied for foreach() in /app/public/wp-content/themes/monsterUniversity/single-event.php on line 32
[29-Jun-2018 06:24:04 UTC] PHP Parse error:  syntax error, unexpected '}', expecting end of file in /app/public/wp-content/themes/monsterUniversity/single-program.php on line 151
[29-Jun-2018 06:45:14 UTC] PHP Parse error:  syntax error, unexpected 'while' (T_WHILE), expecting ',' or ';' in /app/public/wp-content/themes/monsterUniversity/single-program.php on line 111
[02-Jul-2018 03:54:31 UTC] PHP Fatal error:  Uncaught Error: Call to undefined function pageBanner() in /app/public/wp-content/themes/monsterUniversity/single-professor.php:7
Stack trace:
#0 /app/public/wp-includes/template-loader.php(74): include()
#1 /app/public/wp-blog-header.php(19): require_once('/app/public/wp-...')
#2 /app/public/index.php(17): require('/app/public/wp-...')
#3 {main}
  thrown in /app/public/wp-content/themes/monsterUniversity/single-professor.php on line 7
[02-Jul-2018 04:10:05 UTC] PHP Parse error:  syntax error, unexpected '}' in /app/public/wp-content/themes/monsterUniversity/functions.php on line 140
[02-Jul-2018 04:13:14 UTC] PHP Fatal error:  Uncaught ArgumentCountError: Too few arguments to function pageBanner(), 0 passed in /app/public/wp-content/themes/monsterUniversity/page.php on line 7 and exactly 1 expected in /app/public/wp-content/themes/monsterUniversity/functions.php:130
Stack trace:
#0 /app/public/wp-content/themes/monsterUniversity/page.php(7): pageBanner()
#1 /app/public/wp-includes/template-loader.php(74): include('/app/public/wp-...')
#2 /app/public/wp-blog-header.php(19): require_once('/app/public/wp-...')
#3 /app/public/index.php(17): require('/app/public/wp-...')
#4 {main}
  thrown in /app/public/wp-content/themes/monsterUniversity/functions.php on line 130
[02-Jul-2018 04:16:49 UTC] PHP Parse error:  syntax error, unexpected ''subtitle'' (T_CONSTANT_ENCAPSED_STRING), expecting ')' in /app/public/wp-content/themes/monsterUniversity/archive-program.php on line 5
[04-Jul-2018 04:58:00 UTC] PHP Parse error:  syntax error, unexpected end of file in /app/public/wp-content/themes/monsterUniversity/single-campus.php on line 74
[04-Jul-2018 04:59:10 UTC] PHP Parse error:  syntax error, unexpected end of file in /app/public/wp-content/themes/monsterUniversity/single-campus.php on line 72
[04-Jul-2018 05:00:20 UTC] PHP Parse error:  syntax error, unexpected end of file in /app/public/wp-content/themes/monsterUniversity/single-campus.php on line 72
[04-Jul-2018 05:03:54 UTC] PHP Parse error:  syntax error, unexpected '?>', expecting ')' in /app/public/wp-content/themes/monsterUniversity/single-campus.php on line 41
[11-Jul-2018 03:52:23 UTC] PHP Warning:  call_user_func_array() expects parameter 1 to be a valid callback, function 'univeristy_custom_rest' not found or invalid function name in /app/public/wp-includes/class-wp-hook.php on line 286
[11-Jul-2018 03:53:44 UTC] PHP Warning:  call_user_func_array() expects parameter 1 to be a valid callback, function 'univeristy_custom_rest' not found or invalid function name in /app/public/wp-includes/class-wp-hook.php on line 286
[11-Jul-2018 03:54:12 UTC] PHP Warning:  call_user_func_array() expects parameter 1 to be a valid callback, function 'univeristy_custom_rest' not found or invalid function name in /app/public/wp-includes/class-wp-hook.php on line 286
[11-Jul-2018 03:56:57 UTC] PHP Warning:  call_user_func_array() expects parameter 1 to be a valid callback, function 'univeristy_custom_rest' not found or invalid function name in /app/public/wp-includes/class-wp-hook.php on line 286
[11-Jul-2018 03:57:51 UTC] PHP Warning:  call_user_func_array() expects parameter 1 to be a valid callback, function 'univeristy_custom_rest' not found or invalid function name in /app/public/wp-includes/class-wp-hook.php on line 286
[11-Jul-2018 04:04:29 UTC] PHP Warning:  call_user_func_array() expects parameter 1 to be a valid callback, function 'univeristy_custom_rest' not found or invalid function name in /app/public/wp-includes/class-wp-hook.php on line 286
[11-Jul-2018 04:06:31 UTC] PHP Warning:  call_user_func_array() expects parameter 1 to be a valid callback, function 'univeristy_custom_rest' not found or invalid function name in /app/public/wp-includes/class-wp-hook.php on line 286
[11-Jul-2018 04:59:13 UTC] PHP Parse error:  syntax error, unexpected ';', expecting ',' or ')' in /app/public/wp-content/themes/monsterUniversity/incl/search-route.php on line 21
[11-Jul-2018 05:06:43 UTC] PHP Parse error:  syntax error, unexpected ';', expecting ')' in /app/public/wp-content/themes/monsterUniversity/incl/search-route.php on line 13
[11-Jul-2018 05:08:24 UTC] PHP Fatal error:  Uncaught Error: Call to undefined function sanitaze_text_field() in /app/public/wp-content/themes/monsterUniversity/incl/search-route.php:13
Stack trace:
#0 /app/public/wp-includes/rest-api/class-wp-rest-server.php(936): universitySearchResults(Object(WP_REST_Request))
#1 /app/public/wp-includes/rest-api/class-wp-rest-server.php(321): WP_REST_Server->dispatch(Object(WP_REST_Request))
#2 /app/public/wp-includes/rest-api.php(266): WP_REST_Server->serve_request('/university/v1/...')
#3 /app/public/wp-includes/class-wp-hook.php(286): rest_api_loaded(Object(WP))
#4 /app/public/wp-includes/class-wp-hook.php(310): WP_Hook->apply_filters('', Array)
#5 /app/public/wp-includes/plugin.php(515): WP_Hook->do_action(Array)
#6 /app/public/wp-includes/class-wp.php(373): do_action_ref_array('parse_request', Array)
#7 /app/public/wp-includes/class-wp.php(713): WP->parse_request('')
#8 /app/public/wp-includes/functions.php(960): WP->main('')
#9 /app/public/wp-blog-header.php(16): wp()
#10 /app/public/index.php(17): require('/ap in /app/public/wp-content/themes/monsterUniversity/incl/search-route.php on line 13
[12-Jul-2018 09:35:33 UTC] PHP Warning:  array_push() expects parameter 1 to be array, null given in /app/public/wp-content/themes/monsterUniversity/incl/search-route.php on line 58
[12-Jul-2018 09:35:33 UTC] PHP Warning:  array_push() expects parameter 1 to be array, null given in /app/public/wp-content/themes/monsterUniversity/incl/search-route.php on line 58
[12-Jul-2018 09:55:27 UTC] PHP Warning:  array_push() expects parameter 1 to be array, null given in /app/public/wp-content/themes/monsterUniversity/incl/search-route.php on line 60
[12-Jul-2018 09:55:42 UTC] PHP Warning:  array_push() expects parameter 1 to be array, null given in /app/public/wp-content/themes/monsterUniversity/incl/search-route.php on line 60
[12-Jul-2018 09:56:22 UTC] PHP Warning:  array_push() expects parameter 1 to be array, null given in /app/public/wp-content/themes/monsterUniversity/incl/search-route.php on line 60
[12-Jul-2018 09:56:22 UTC] PHP Warning:  array_push() expects parameter 1 to be array, null given in /app/public/wp-content/themes/monsterUniversity/incl/search-route.php on line 60
[12-Jul-2018 09:59:49 UTC] PHP Warning:  array_push() expects parameter 1 to be array, null given in /app/public/wp-content/themes/monsterUniversity/incl/search-route.php on line 60
[12-Jul-2018 09:59:57 UTC] PHP Warning:  array_push() expects parameter 1 to be array, null given in /app/public/wp-content/themes/monsterUniversity/incl/search-route.php on line 60
[12-Jul-2018 10:00:08 UTC] PHP Warning:  array_push() expects parameter 1 to be array, null given in /app/public/wp-content/themes/monsterUniversity/incl/search-route.php on line 60
[13-Jul-2018 08:01:58 UTC] PHP Parse error:  syntax error, unexpected '}' in /app/public/wp-content/themes/monsterUniversity/incl/search-route.php on line 73
[14-Jul-2018 03:59:24 UTC] PHP Parse error:  syntax error, unexpected ';', expecting ')' in /app/public/wp-content/themes/monsterUniversity/search.php on line 5
[20-Jul-2018 03:42:56 UTC] PHP Parse error:  syntax error, unexpected '" class="' (T_CONSTANT_ENCAPSED_STRING), expecting ',' or ';' in /app/public/wp-content/themes/monsterUniversity/header.php on line 31
[20-Jul-2018 03:43:27 UTC] PHP Parse error:  syntax error, unexpected '" class="' (T_CONSTANT_ENCAPSED_STRING), expecting ',' or ';' in /app/public/wp-content/themes/monsterUniversity/header.php on line 31
[20-Jul-2018 03:52:44 UTC] PHP Fatal error:  Uncaught ArgumentCountError: Too few arguments to function get_avatar(), 0 passed in /app/public/wp-content/themes/monsterUniversity/header.php on line 33 and at least 1 expected in /app/public/wp-includes/pluggable.php:2450
Stack trace:
#0 /app/public/wp-content/themes/monsterUniversity/header.php(33): get_avatar()
#1 /app/public/wp-includes/template.php(688): require_once('/app/public/wp-...')
#2 /app/public/wp-includes/template.php(647): load_template('/app/public/wp-...', true)
#3 /app/public/wp-includes/general-template.php(41): locate_template(Array, true)
#4 /app/public/wp-content/themes/monsterUniversity/archive-event.php(2): get_header()
#5 /app/public/wp-includes/template-loader.php(74): include('/app/public/wp-...')
#6 /app/public/wp-blog-header.php(19): require_once('/app/public/wp-...')
#7 /app/public/index.php(17): require('/app/public/wp-...')
#8 {main}
  thrown in /app/public/wp-includes/pluggable.php on line 2450
[20-Jul-2018 03:52:45 UTC] PHP Fatal error:  Uncaught ArgumentCountError: Too few arguments to function get_avatar(), 0 passed in /app/public/wp-content/themes/monsterUniversity/header.php on line 33 and at least 1 expected in /app/public/wp-includes/pluggable.php:2450
Stack trace:
#0 /app/public/wp-content/themes/monsterUniversity/header.php(33): get_avatar()
#1 /app/public/wp-includes/template.php(688): require_once('/app/public/wp-...')
#2 /app/public/wp-includes/template.php(647): load_template('/app/public/wp-...', true)
#3 /app/public/wp-includes/general-template.php(41): locate_template(Array, true)
#4 /app/public/wp-content/themes/monsterUniversity/archive-event.php(2): get_header()
#5 /app/public/wp-includes/template-loader.php(74): include('/app/public/wp-...')
#6 /app/public/wp-blog-header.php(19): require_once('/app/public/wp-...')
#7 /app/public/index.php(17): require('/app/public/wp-...')
#8 {main}
  thrown in /app/public/wp-includes/pluggable.php on line 2450
[20-Jul-2018 03:52:48 UTC] PHP Fatal error:  Uncaught ArgumentCountError: Too few arguments to function get_avatar(), 0 passed in /app/public/wp-content/themes/monsterUniversity/header.php on line 33 and at least 1 expected in /app/public/wp-includes/pluggable.php:2450
Stack trace:
#0 /app/public/wp-content/themes/monsterUniversity/header.php(33): get_avatar()
#1 /app/public/wp-includes/template.php(688): require_once('/app/public/wp-...')
#2 /app/public/wp-includes/template.php(647): load_template('/app/public/wp-...', true)
#3 /app/public/wp-includes/general-template.php(41): locate_template(Array, true)
#4 /app/public/wp-content/themes/monsterUniversity/archive-event.php(2): get_header()
#5 /app/public/wp-includes/template-loader.php(74): include('/app/public/wp-...')
#6 /app/public/wp-blog-header.php(19): require_once('/app/public/wp-...')
#7 /app/public/index.php(17): require('/app/public/wp-...')
#8 {main}
  thrown in /app/public/wp-includes/pluggable.php on line 2450
[20-Jul-2018 03:52:49 UTC] PHP Fatal error:  Uncaught ArgumentCountError: Too few arguments to function get_avatar(), 0 passed in /app/public/wp-content/themes/monsterUniversity/header.php on line 33 and at least 1 expected in /app/public/wp-includes/pluggable.php:2450
Stack trace:
#0 /app/public/wp-content/themes/monsterUniversity/header.php(33): get_avatar()
#1 /app/public/wp-includes/template.php(688): require_once('/app/public/wp-...')
#2 /app/public/wp-includes/template.php(647): load_template('/app/public/wp-...', true)
#3 /app/public/wp-includes/general-template.php(41): locate_template(Array, true)
#4 /app/public/wp-content/themes/monsterUniversity/front-page.php(2): get_header()
#5 /app/public/wp-includes/template-loader.php(74): include('/app/public/wp-...')
#6 /app/public/wp-blog-header.php(19): require_once('/app/public/wp-...')
#7 /app/public/index.php(17): require('/app/public/wp-...')
#8 {main}
  thrown in /app/public/wp-includes/pluggable.php on line 2450
[20-Jul-2018 03:53:11 UTC] PHP Fatal error:  Uncaught ArgumentCountError: Too few arguments to function get_avatar(), 0 passed in /app/public/wp-content/themes/monsterUniversity/header.php on line 33 and at least 1 expected in /app/public/wp-includes/pluggable.php:2450
Stack trace:
#0 /app/public/wp-content/themes/monsterUniversity/header.php(33): get_avatar()
#1 /app/public/wp-includes/template.php(688): require_once('/app/public/wp-...')
#2 /app/public/wp-includes/template.php(647): load_template('/app/public/wp-...', true)
#3 /app/public/wp-includes/general-template.php(41): locate_template(Array, true)
#4 /app/public/wp-content/themes/monsterUniversity/front-page.php(2): get_header()
#5 /app/public/wp-includes/template-loader.php(74): include('/app/public/wp-...')
#6 /app/public/wp-blog-header.php(19): require_once('/app/public/wp-...')
#7 /app/public/index.php(17): require('/app/public/wp-...')
#8 {main}
  thrown in /app/public/wp-includes/pluggable.php on line 2450
[20-Jul-2018 03:53:14 UTC] PHP Fatal error:  Uncaught ArgumentCountError: Too few arguments to function get_avatar(), 0 passed in /app/public/wp-content/themes/monsterUniversity/header.php on line 33 and at least 1 expected in /app/public/wp-includes/pluggable.php:2450
Stack trace:
#0 /app/public/wp-content/themes/monsterUniversity/header.php(33): get_avatar()
#1 /app/public/wp-includes/template.php(688): require_once('/app/public/wp-...')
#2 /app/public/wp-includes/template.php(647): load_template('/app/public/wp-...', true)
#3 /app/public/wp-includes/general-template.php(41): locate_template(Array, true)
#4 /app/public/wp-content/themes/monsterUniversity/front-page.php(2): get_header()
#5 /app/public/wp-includes/template-loader.php(74): include('/app/public/wp-...')
#6 /app/public/wp-blog-header.php(19): require_once('/app/public/wp-...')
#7 /app/public/index.php(17): require('/app/public/wp-...')
#8 {main}
  thrown in /app/public/wp-includes/pluggable.php on line 2450
[20-Jul-2018 04:08:22 UTC] PHP Fatal error:  Cannot redeclare redirectSubsToFrontend() (previously declared in /app/public/wp-content/themes/monsterUniversity/functions.php:208) in /app/public/wp-content/themes/monsterUniversity/functions.php on line 225
[20-Jul-2018 04:14:12 UTC] PHP Parse error:  syntax error, unexpected '{', expecting '(' in /app/public/wp-content/themes/monsterUniversity/functions.php on line 230
[20-Jul-2018 04:20:04 UTC] PHP Parse error:  syntax error, unexpected end of file in /app/public/wp-content/themes/monsterUniversity/functions.php on line 241
[20-Jul-2018 04:20:07 UTC] PHP Parse error:  syntax error, unexpected end of file in /app/public/wp-content/themes/monsterUniversity/functions.php on line 241
[20-Jul-2018 04:20:24 UTC] PHP Parse error:  syntax error, unexpected end of file in /app/public/wp-content/themes/monsterUniversity/functions.php on line 241
[20-Jul-2018 04:20:49 UTC] PHP Parse error:  syntax error, unexpected end of file in /app/public/wp-content/themes/monsterUniversity/functions.php on line 241
[20-Jul-2018 04:21:20 UTC] PHP Parse error:  syntax error, unexpected end of file in /app/public/wp-content/themes/monsterUniversity/functions.php on line 241
[20-Jul-2018 04:25:40 UTC] PHP Parse error:  syntax error, unexpected end of file in /app/public/wp-content/themes/monsterUniversity/functions.php on line 247
[21-Jul-2018 04:25:41 UTC] PHP Fatal error:  Cannot redeclare professor_post_types() (previously declared in /app/public/wp-content/themes/monsterUniversity/functions.php:98) in /app/public/wp-content/themes/monsterUniversity/functions.php on line 265
[24-Jul-2018 04:05:58 UTC] PHP Fatal error:  Cannot redeclare note_post_types() (previously declared in /app/public/wp-content/themes/monsterUniversity/functions.php:255) in /app/public/wp-content/themes/monsterUniversity/functions.php on line 313
[24-Jul-2018 04:05:58 UTC] PHP Fatal error:  Cannot redeclare note_post_types() (previously declared in /app/public/wp-content/themes/monsterUniversity/functions.php:255) in /app/public/wp-content/themes/monsterUniversity/functions.php on line 313
[25-Jul-2018 06:31:54 UTC] PHP Parse error:  syntax error, unexpected '}', expecting ';' in /app/public/wp-content/themes/monsterUniversity/incl/like-route.php on line 56
[26-Jul-2018 06:19:14 UTC] PHP Warning:  file_exists() expects exactly 1 parameter, 0 given in /app/public/wp-config.php on line 23
