[13-Jun-2018 17:57:28] NOTICE: fpm is running, pid 14
[13-Jun-2018 17:57:28] NOTICE: ready to handle connections
[13-Jun-2018 18:03:45] NOTICE: Terminating ...
[13-Jun-2018 18:03:45] NOTICE: exiting, bye-bye!
[14-Jun-2018 03:52:56] NOTICE: fpm is running, pid 26
[14-Jun-2018 03:52:56] NOTICE: ready to handle connections
[14-Jun-2018 04:15:23] NOTICE: Terminating ...
[14-Jun-2018 04:15:23] NOTICE: exiting, bye-bye!
[14-Jun-2018 04:47:07] NOTICE: fpm is running, pid 25
[14-Jun-2018 04:47:07] NOTICE: ready to handle connections
[14-Jun-2018 07:05:51] NOTICE: Terminating ...
[14-Jun-2018 07:05:52] NOTICE: exiting, bye-bye!
[15-Jun-2018 07:07:46] NOTICE: fpm is running, pid 25
[15-Jun-2018 07:07:46] NOTICE: ready to handle connections
[15-Jun-2018 08:59:00] NOTICE: Terminating ...
[15-Jun-2018 08:59:00] NOTICE: exiting, bye-bye!
[18-Jun-2018 06:32:38] NOTICE: fpm is running, pid 25
[18-Jun-2018 06:32:38] NOTICE: ready to handle connections
[18-Jun-2018 07:03:47] NOTICE: Terminating ...
[18-Jun-2018 07:03:47] NOTICE: exiting, bye-bye!
[18-Jun-2018 07:42:53] NOTICE: fpm is running, pid 27
[18-Jun-2018 07:42:53] NOTICE: ready to handle connections
[18-Jun-2018 07:59:19] NOTICE: Terminating ...
[18-Jun-2018 07:59:19] NOTICE: exiting, bye-bye!
[19-Jun-2018 07:06:39] NOTICE: fpm is running, pid 25
[19-Jun-2018 07:06:39] NOTICE: ready to handle connections
[19-Jun-2018 08:06:27] NOTICE: Terminating ...
[19-Jun-2018 08:06:27] NOTICE: exiting, bye-bye!
[20-Jun-2018 08:30:03] NOTICE: fpm is running, pid 25
[20-Jun-2018 08:30:03] NOTICE: ready to handle connections
[20-Jun-2018 09:04:26] NOTICE: Terminating ...
[20-Jun-2018 09:04:26] NOTICE: exiting, bye-bye!
[21-Jun-2018 09:24:37] NOTICE: fpm is running, pid 25
[21-Jun-2018 09:24:37] NOTICE: ready to handle connections
[21-Jun-2018 10:35:34] NOTICE: Terminating ...
[21-Jun-2018 10:35:34] NOTICE: exiting, bye-bye!
[25-Jun-2018 07:29:49] NOTICE: fpm is running, pid 25
[25-Jun-2018 07:29:49] NOTICE: ready to handle connections
[25-Jun-2018 08:17:50] NOTICE: Terminating ...
[25-Jun-2018 08:17:50] NOTICE: exiting, bye-bye!
[26-Jun-2018 12:36:42] NOTICE: fpm is running, pid 25
[26-Jun-2018 12:36:42] NOTICE: ready to handle connections
[26-Jun-2018 13:53:42] NOTICE: Terminating ...
[26-Jun-2018 13:53:42] NOTICE: exiting, bye-bye!
[27-Jun-2018 04:17:28] NOTICE: fpm is running, pid 25
[27-Jun-2018 04:17:28] NOTICE: ready to handle connections
[27-Jun-2018 05:29:10] NOTICE: Terminating ...
[27-Jun-2018 05:29:10] NOTICE: exiting, bye-bye!
[27-Jun-2018 13:53:06] NOTICE: fpm is running, pid 25
[27-Jun-2018 13:53:06] NOTICE: ready to handle connections
[27-Jun-2018 13:58:54] NOTICE: Terminating ...
[27-Jun-2018 13:58:54] NOTICE: exiting, bye-bye!
[29-Jun-2018 06:12:51] NOTICE: fpm is running, pid 25
[29-Jun-2018 06:12:51] NOTICE: ready to handle connections
[29-Jun-2018 07:24:07] NOTICE: Terminating ...
[29-Jun-2018 07:24:07] NOTICE: exiting, bye-bye!
[02-Jul-2018 03:50:52] NOTICE: fpm is running, pid 25
[02-Jul-2018 03:50:52] NOTICE: ready to handle connections
[02-Jul-2018 04:47:39] NOTICE: Terminating ...
[02-Jul-2018 04:47:39] NOTICE: exiting, bye-bye!
[04-Jul-2018 03:27:56] NOTICE: fpm is running, pid 25
[04-Jul-2018 03:27:56] NOTICE: ready to handle connections
[04-Jul-2018 04:31:13] NOTICE: Terminating ...
[04-Jul-2018 04:31:13] NOTICE: exiting, bye-bye!
[04-Jul-2018 04:31:31] NOTICE: fpm is running, pid 26
[04-Jul-2018 04:31:31] NOTICE: ready to handle connections
[04-Jul-2018 05:24:38] NOTICE: Terminating ...
[04-Jul-2018 05:24:38] NOTICE: exiting, bye-bye!
[06-Jul-2018 06:40:00] NOTICE: fpm is running, pid 25
[06-Jul-2018 06:40:00] NOTICE: ready to handle connections
[06-Jul-2018 06:41:24] NOTICE: Terminating ...
[06-Jul-2018 06:41:24] NOTICE: exiting, bye-bye!
[07-Jul-2018 03:51:48] NOTICE: fpm is running, pid 26
[07-Jul-2018 03:51:48] NOTICE: ready to handle connections
[07-Jul-2018 06:13:36] NOTICE: Terminating ...
[07-Jul-2018 06:13:36] NOTICE: exiting, bye-bye!
[09-Jul-2018 02:42:36] NOTICE: fpm is running, pid 25
[09-Jul-2018 02:42:36] NOTICE: ready to handle connections
[09-Jul-2018 05:02:40] NOTICE: Terminating ...
[09-Jul-2018 05:02:40] NOTICE: exiting, bye-bye!
[11-Jul-2018 03:20:37] NOTICE: fpm is running, pid 27
[11-Jul-2018 03:20:37] NOTICE: ready to handle connections
[11-Jul-2018 05:19:36] NOTICE: Terminating ...
[11-Jul-2018 05:19:36] NOTICE: exiting, bye-bye!
[12-Jul-2018 09:20:02] NOTICE: fpm is running, pid 25
[12-Jul-2018 09:20:02] NOTICE: ready to handle connections
[12-Jul-2018 10:36:27] NOTICE: Terminating ...
[12-Jul-2018 10:36:27] NOTICE: exiting, bye-bye!
[13-Jul-2018 06:37:45] NOTICE: fpm is running, pid 25
[13-Jul-2018 06:37:45] NOTICE: ready to handle connections
[13-Jul-2018 08:09:04] NOTICE: Terminating ...
[13-Jul-2018 08:09:04] NOTICE: exiting, bye-bye!
[14-Jul-2018 03:36:05] NOTICE: fpm is running, pid 26
[14-Jul-2018 03:36:05] NOTICE: ready to handle connections
[14-Jul-2018 04:18:22] NOTICE: Terminating ...
[14-Jul-2018 04:18:22] NOTICE: exiting, bye-bye!
[20-Jul-2018 03:15:57] NOTICE: fpm is running, pid 25
[20-Jul-2018 03:15:57] NOTICE: ready to handle connections
[20-Jul-2018 04:58:08] NOTICE: Terminating ...
[20-Jul-2018 04:58:08] NOTICE: exiting, bye-bye!
[21-Jul-2018 04:14:26] NOTICE: fpm is running, pid 26
[21-Jul-2018 04:14:26] NOTICE: ready to handle connections
[21-Jul-2018 06:50:44] NOTICE: Terminating ...
[21-Jul-2018 06:50:44] NOTICE: exiting, bye-bye!
[23-Jul-2018 03:59:26] NOTICE: fpm is running, pid 25
[23-Jul-2018 03:59:26] NOTICE: ready to handle connections
[23-Jul-2018 06:18:32] NOTICE: Terminating ...
[23-Jul-2018 06:18:32] NOTICE: exiting, bye-bye!
[24-Jul-2018 03:57:14] NOTICE: fpm is running, pid 25
[24-Jul-2018 03:57:14] NOTICE: ready to handle connections
[24-Jul-2018 04:53:19] NOTICE: Terminating ...
[24-Jul-2018 04:53:19] NOTICE: exiting, bye-bye!
[25-Jul-2018 04:40:15] NOTICE: fpm is running, pid 26
[25-Jul-2018 04:40:15] NOTICE: ready to handle connections
[25-Jul-2018 06:32:57] NOTICE: Terminating ...
[25-Jul-2018 06:32:57] NOTICE: exiting, bye-bye!
[26-Jul-2018 04:43:31] NOTICE: fpm is running, pid 26
[26-Jul-2018 04:43:31] NOTICE: ready to handle connections
